<?xml version="1.0" encoding="UTF-8"?>
<testng-results skipped="0" failed="1" total="1" passed="0">
  <reporter-output>
  </reporter-output>
  <suite name="Default suite" duration-ms="53498" started-at="2014-05-19T19:12:46Z" finished-at="2014-05-19T19:13:39Z">
    <groups>
    </groups>
    <test name="Default test" duration-ms="53498" started-at="2014-05-19T19:12:46Z" finished-at="2014-05-19T19:13:39Z">
      <class name="framework.test.DemoTest01">
        <test-method status="PASS" signature="setBeforeSuite()[pri:0, instance:framework.test.DemoTest01@483bf400]" name="setBeforeSuite" is-config="true" duration-ms="23604" started-at="2014-05-19T15:12:22Z" finished-at="2014-05-19T15:12:46Z">
          <reporter-output>
          </reporter-output>
        </test-method> <!-- setBeforeSuite -->
        <test-method status="PASS" signature="beforeClassSetup()[pri:0, instance:framework.test.DemoTest01@483bf400]" name="beforeClassSetup" is-config="true" duration-ms="31666" started-at="2014-05-19T15:12:46Z" finished-at="2014-05-19T15:13:18Z">
          <reporter-output>
          </reporter-output>
        </test-method> <!-- beforeClassSetup -->
        <test-method status="PASS" signature="setup()[pri:0, instance:framework.test.DemoTest01@483bf400]" name="setup" is-config="true" duration-ms="1" started-at="2014-05-19T15:13:18Z" finished-at="2014-05-19T15:13:18Z">
          <reporter-output>
          </reporter-output>
        </test-method> <!-- setup -->
        <test-method status="FAIL" signature="tc001_CreateNewUser()[pri:0, instance:framework.test.DemoTest01@483bf400]" name="tc001_CreateNewUser" duration-ms="21654" started-at="2014-05-19T15:13:18Z" finished-at="2014-05-19T15:13:39Z">
          <exception class="org.openqa.selenium.UnhandledAlertException">
            <message>
              <![CDATA[Modal dialog present: java.lang.NoClassDefFoundError: oracle/iam/ui/custom/registration/beans/ChallengeQuestions

ADF_FACES-60097:For more information, please see the server's error log for an entry beginning with: ADF_FACES-60096:Server Exception during PPR, #12
Build info: version: '2.39.0', revision: 'ff23eac', time: '2013-12-16 16:11:15'
System info: host: 'ChandaSRelliGroup', ip: '158.73.29.69', os.name: 'Windows 7', os.arch: 'amd64', os.version: '6.1', java.version: '1.8.0'
Driver info: org.openqa.selenium.firefox.FirefoxDriver
Capabilities [{applicationCacheEnabled=true, rotatable=false, handlesAlerts=true, databaseEnabled=true, version=29.0.1, platform=XP, browserConnectionEnabled=true, nativeEvents=false, acceptSslCerts=true, webStorageEnabled=true, locationContextEnabled=true, browserName=firefox, takesScreenshot=true, javascriptEnabled=true, cssSelectorsEnabled=true}]
Session ID: f2c30de2-61e1-4f7f-b96b-fceeca301804]]>
            </message>
            <full-stacktrace>
              <![CDATA[org.openqa.selenium.UnhandledAlertException: Modal dialog present: java.lang.NoClassDefFoundError: oracle/iam/ui/custom/registration/beans/ChallengeQuestions

ADF_FACES-60097:For more information, please see the server's error log for an entry beginning with: ADF_FACES-60096:Server Exception during PPR, #12
Build info: version: '2.39.0', revision: 'ff23eac', time: '2013-12-16 16:11:15'
System info: host: 'ChandaSRelliGroup', ip: '158.73.29.69', os.name: 'Windows 7', os.arch: 'amd64', os.version: '6.1', java.version: '1.8.0'
Driver info: org.openqa.selenium.firefox.FirefoxDriver
Capabilities [{applicationCacheEnabled=true, rotatable=false, handlesAlerts=true, databaseEnabled=true, version=29.0.1, platform=XP, browserConnectionEnabled=true, nativeEvents=false, acceptSslCerts=true, webStorageEnabled=true, locationContextEnabled=true, browserName=firefox, takesScreenshot=true, javascriptEnabled=true, cssSelectorsEnabled=true}]
Session ID: f2c30de2-61e1-4f7f-b96b-fceeca301804
	at sun.reflect.NativeConstructorAccessorImpl.newInstance0(Native Method)
	at sun.reflect.NativeConstructorAccessorImpl.newInstance(NativeConstructorAccessorImpl.java:62)
	at sun.reflect.DelegatingConstructorAccessorImpl.newInstance(DelegatingConstructorAccessorImpl.java:45)
	at java.lang.reflect.Constructor.newInstance(Constructor.java:408)
	at org.openqa.selenium.remote.ErrorHandler.createThrowable(ErrorHandler.java:193)
	at org.openqa.selenium.remote.ErrorHandler.createUnhandledAlertException(ErrorHandler.java:174)
	at org.openqa.selenium.remote.ErrorHandler.throwIfResponseFailed(ErrorHandler.java:141)
	at org.openqa.selenium.remote.RemoteWebDriver.execute(RemoteWebDriver.java:554)
	at org.openqa.selenium.remote.RemoteWebDriver.findElement(RemoteWebDriver.java:307)
	at org.openqa.selenium.remote.RemoteWebDriver.findElementByTagName(RemoteWebDriver.java:372)
	at org.openqa.selenium.By$ByTagName.findElement(By.java:336)
	at org.openqa.selenium.remote.RemoteWebDriver.findElement(RemoteWebDriver.java:299)
	at framework.pages.BasePage$1.apply(BasePage.java:69)
	at framework.pages.BasePage$1.apply(BasePage.java:1)
	at org.openqa.selenium.support.ui.FluentWait.until(FluentWait.java:208)
	at framework.pages.BasePage.waitForElementToLoad(BasePage.java:67)
	at framework.pages.UserIDRegistrationPage.createUserIDandPassword(UserIDRegistrationPage.java:58)
	at framework.test.DemoTest01.tc001_CreateNewUser(DemoTest01.java:34)
	at sun.reflect.NativeMethodAccessorImpl.invoke0(Native Method)
	at sun.reflect.NativeMethodAccessorImpl.invoke(NativeMethodAccessorImpl.java:62)
	at sun.reflect.DelegatingMethodAccessorImpl.invoke(DelegatingMethodAccessorImpl.java:43)
	at java.lang.reflect.Method.invoke(Method.java:483)
	at org.testng.internal.MethodInvocationHelper.invokeMethod(MethodInvocationHelper.java:84)
	at org.testng.internal.Invoker.invokeMethod(Invoker.java:714)
	at org.testng.internal.Invoker.invokeTestMethod(Invoker.java:901)
	at org.testng.internal.Invoker.invokeTestMethods(Invoker.java:1231)
	at org.testng.internal.TestMethodWorker.invokeTestMethods(TestMethodWorker.java:127)
	at org.testng.internal.TestMethodWorker.run(TestMethodWorker.java:111)
	at org.testng.TestRunner.privateRun(TestRunner.java:767)
	at org.testng.TestRunner.run(TestRunner.java:617)
	at org.testng.SuiteRunner.runTest(SuiteRunner.java:334)
	at org.testng.SuiteRunner.runSequentially(SuiteRunner.java:329)
	at org.testng.SuiteRunner.privateRun(SuiteRunner.java:291)
	at org.testng.SuiteRunner.run(SuiteRunner.java:240)
	at org.testng.SuiteRunnerWorker.runSuite(SuiteRunnerWorker.java:52)
	at org.testng.SuiteRunnerWorker.run(SuiteRunnerWorker.java:86)
	at org.testng.TestNG.runSuitesSequentially(TestNG.java:1224)
	at org.testng.TestNG.runSuitesLocally(TestNG.java:1149)
	at org.testng.TestNG.run(TestNG.java:1057)
	at org.testng.remote.RemoteTestNG.run(RemoteTestNG.java:111)
	at org.testng.remote.RemoteTestNG.initAndRun(RemoteTestNG.java:204)
	at org.testng.remote.RemoteTestNG.main(RemoteTestNG.java:175)
]]>
            </full-stacktrace>
          </exception> <!-- org.openqa.selenium.UnhandledAlertException -->
          <reporter-output>
          </reporter-output>
        </test-method> <!-- tc001_CreateNewUser -->
        <test-method status="PASS" signature="afterClass()[pri:0, instance:framework.test.DemoTest01@483bf400]" name="afterClass" is-config="true" duration-ms="54" started-at="2014-05-19T15:13:39Z" finished-at="2014-05-19T15:13:39Z">
          <reporter-output>
          </reporter-output>
        </test-method> <!-- afterClass -->
        <test-method status="PASS" signature="afterSuite()[pri:0, instance:framework.test.DemoTest01@483bf400]" name="afterSuite" is-config="true" duration-ms="0" started-at="2014-05-19T15:13:39Z" finished-at="2014-05-19T15:13:39Z">
          <reporter-output>
          </reporter-output>
        </test-method> <!-- afterSuite -->
      </class> <!-- framework.test.DemoTest01 -->
    </test> <!-- Default test -->
  </suite> <!-- Default suite -->
</testng-results>
